[22/Oct/2020:04:43:05] (I): WordPress Instance Info:
[22/Oct/2020:04:43:05] (I): Home URL : http://v2.gosei.com.vn
[22/Oct/2020:04:43:05] (I): Site URL : http://v2.gosei.com.vn
[22/Oct/2020:04:43:05] (I): WordPress Version : 5.5.1
[22/Oct/2020:04:43:05] (I): Onboarding Version : 1.0.10
[22/Oct/2020:04:43:05] (I): Multisite : No
[22/Oct/2020:04:43:05] (I): Server Info : Microsoft-IIS/10.0
[22/Oct/2020:04:43:05] (I): PHP Version : 7.1.29
[22/Oct/2020:04:43:05] (I): HTTPS : No
[22/Oct/2020:04:43:05] (I): PHP Max Execution Time : 300
[22/Oct/2020:04:43:05] (I): PHP Max Input Vars : 1000
[22/Oct/2020:04:43:05] (I): Max Upload Size : 536870912
[22/Oct/2020:04:43:05] (I): Plugins:
[22/Oct/2020:04:43:05] (I): [PLUGIN] Livemesh Addons for Elementor (Premium) : v4.3.1 (Livemesh)
[22/Oct/2020:04:43:05] (I): [PLUGIN] TP - LSClick : vThe Plugin's Version Number, e.g.: 1.0 (Name Of The Plugin Author)
[22/Oct/2020:04:43:05] (I): [PLUGIN] Elementor Addon Elements : v1.7.1 (WP Vibes)
[22/Oct/2020:04:43:05] (I): [PLUGIN] Advanced Custom Fields PRO : v5.9.1 (Elliot Condon)
[22/Oct/2020:04:43:05] (I): [PLUGIN] AnyWhere Elementor Pro : v2.16 (WP Vibes)
[22/Oct/2020:04:43:05] (I): [PLUGIN] Custom Icons for Elementor : v0.3.1 (Michael Bourne)
[22/Oct/2020:04:43:05] (I): [PLUGIN] Custom Post Type UI : v1.8.1 (WebDevStudios)
[22/Oct/2020:04:43:05] (I): [PLUGIN] Easy Google Fonts : v1.4.4 (Titanium Themes)
[22/Oct/2020:04:43:05] (I): [PLUGIN] Elementor Pro : v3.0.5 (Elementor.com)
[22/Oct/2020:04:43:05] (I): [PLUGIN] Elementor : v3.0.11 (Elementor.com)
[22/Oct/2020:04:43:05] (I): [PLUGIN] ElementsKit Lite : v2.0.9.1 (Wpmet)
[22/Oct/2020:04:43:05] (I): [PLUGIN] The Official Facebook Chat Plugin : v1.8 (Facebook)
[22/Oct/2020:04:43:05] (I): [PLUGIN] Elementor - Header, Footer &amp; Blocks : v1.5.3 (Brainstorm Force, Nikhil Chavan)
[22/Oct/2020:04:43:05] (I): [PLUGIN] Logo Carousel : v3.2.10 (ShapedPlugin)
[22/Oct/2020:04:43:05] (I): [PLUGIN] Logo Slider WP : v1.9.1 (LogicHunt)
[22/Oct/2020:04:43:05] (I): [PLUGIN] Masker for Elementor : v1.0.0 (Merkulove)
[22/Oct/2020:04:43:05] (I): [PLUGIN] Gutenberg Blocks and Template Library by Otter : v1.5.8 (ThemeIsle)
[22/Oct/2020:04:43:05] (I): [PLUGIN] Shortcode in Menus : v3.5 (Gagan Deep Singh)
[22/Oct/2020:04:43:05] (I): [PLUGIN] Smart Slider 3 : v3.4.1.9 (Nextend)
[22/Oct/2020:04:43:05] (I): [PLUGIN] Sticky Header Effects for Elementor : v1.4.3 (Rwattner)
[22/Oct/2020:04:43:05] (I): [PLUGIN] Templates Patterns Collection : v1.0.10 (ThemeIsle)
[22/Oct/2020:04:43:05] (I): [PLUGIN] TranslatePress - Show opposite language in language switcher : v1.0.0 (Cozmoslabs, Razvan Mocanu)
[22/Oct/2020:04:43:05] (I): [PLUGIN] TranslatePress - Multilingual : v1.8.4 (Cozmoslabs, Razvan Mocanu, Madalin Ungureanu, Cristophor Hurduban)
[22/Oct/2020:04:43:05] (I): [PLUGIN] Ultimate Addons for Elementor : v1.27.1 (Brainstorm Force)
[22/Oct/2020:04:43:05] (I): [PLUGIN] Social Media and Share Icons (Ultimate Social Media) : v2.5.9 (UltimatelySocial)
[22/Oct/2020:04:43:05] (I): [PLUGIN] WP Categories Widget : v1.9 (WP-EXPERTS.IN TEAM)
[22/Oct/2020:04:43:05] (I): [PLUGIN] WP Google Maps : v8.0.26 (WP Google Maps)
[22/Oct/2020:04:43:05] (I): [PLUGIN] WP Job Openings : v2.0.0 (AWSM Innovations)
[22/Oct/2020:04:43:05] (I): [PLUGIN] WPForms Form Templates Pack : v1.2.0 (WPForms)
[22/Oct/2020:04:43:05] (I): [PLUGIN] WPForms : v1.6.2.3 (WPForms)
